■■■■■■■■■■■■■■■■■■■■■■■■■■■■■■■■■■■■■■■■■■■■■■■■■■■■■■■■■■■■■■■■■■■■■■■■■■■■■■■■■■■■■■■■■■■■■■■■■■■■■■■■■■■■■■■■■■■■■■■■

http://www.lyfingenieria.com
Diseño e integracion de tecnolgias electronicas y de computo.
e-mail: benny@lopez-fernandez.com
CONTACTO:
Ofc: 6622603825
Cel: 6623000946
■■■■■■■■■■■■■■■■■■■■■■■■■■■■■■■■■■■■■■■■■■■■■■■■■■■■■■■■■■■■■■■■■■■■■■■■■■■■■■■■■■■■■■■■■■■■■■■■■■■■■■■■■■■■■■■■■■■■■■■■
[15:43:52.9751-07:00] [OPEN] 
■■■■■■■■■■■■■■■■■■■■■■■■■■■■■■■■■■■■■■■■■■■■■■■■■■■■■■■■■■■■■■■■■■■■■■■■■■■■■■■■■■■■■■■■■■■■■■■■■■■■■■■■■■■■■■■■■■■■■■■■

http://www.lyfingenieria.com
Diseño e integracion de tecnolgias electronicas y de computo.
e-mail: benny@lopez-fernandez.com
CONTACTO:
Ofc: 6622603825
Cel: 6623000946
■■■■■■■■■■■■■■■■■■■■■■■■■■■■■■■■■■■■■■■■■■■■■■■■■■■■■■■■■■■■■■■■■■■■■■■■■■■■■■■■■■■■■■■■■■■■■■■■■■■■■■■■■■■■■■■■■■■■■■■■
[15:48:26.6261-07:00] [OPEN] 
■■■■■■■■■■■■■■■■■■■■■■■■■■■■■■■■■■■■■■■■■■■■■■■■■■■■■■■■■■■■■■■■■■■■■■■■■■■■■■■■■■■■■■■■■■■■■■■■■■■■■■■■■■■■■■■■■■■■■■■■

http://www.lyfingenieria.com
Diseño e integracion de tecnolgias electronicas y de computo.
e-mail: benny@lopez-fernandez.com
CONTACTO:
Ofc: 6622603825
Cel: 6623000946
■■■■■■■■■■■■■■■■■■■■■■■■■■■■■■■■■■■■■■■■■■■■■■■■■■■■■■■■■■■■■■■■■■■■■■■■■■■■■■■■■■■■■■■■■■■■■■■■■■■■■■■■■■■■■■■■■■■■■■■■
[15:59:58.6703-07:00] [OPEN] 
[16:00:09.4228-07:00] [DOCUMENT-ACCEPTED] Value : [500] - Type : [Bill] - Count : [1].
[16:00:09.4262-07:00] [STATUS-CHANGED] Dispensing
[16:00:11.4392-07:00] [DISPENSE] Dispensed: $76.55, Requested: $76.55, Remaing: $0.00
■■■■■■■■■■■■■■■■■■■■■■■■■■■■■■■■■■■■■■■■■■■■■■■■■■■■■■■■■■■■■■■■■■■■■■■■■■■■■■■■■■■■■■■■■■■■■■■■■■■■■■■■■■■■■■■■■■■■■■■■

http://www.lyfingenieria.com
Diseño e integracion de tecnolgias electronicas y de computo.
e-mail: benny@lopez-fernandez.com
CONTACTO:
Ofc: 6622603825
Cel: 6623000946
■■■■■■■■■■■■■■■■■■■■■■■■■■■■■■■■■■■■■■■■■■■■■■■■■■■■■■■■■■■■■■■■■■■■■■■■■■■■■■■■■■■■■■■■■■■■■■■■■■■■■■■■■■■■■■■■■■■■■■■■
[16:44:41.7335-07:00] [OPEN] 
[16:44:48.7842-07:00] [DOCUMENT-ACCEPTED] Value : [500] - Type : [Bill] - Count : [1].
■■■■■■■■■■■■■■■■■■■■■■■■■■■■■■■■■■■■■■■■■■■■■■■■■■■■■■■■■■■■■■■■■■■■■■■■■■■■■■■■■■■■■■■■■■■■■■■■■■■■■■■■■■■■■■■■■■■■■■■■

http://www.lyfingenieria.com
Diseño e integracion de tecnolgias electronicas y de computo.
e-mail: benny@lopez-fernandez.com
CONTACTO:
Ofc: 6622603825
Cel: 6623000946
■■■■■■■■■■■■■■■■■■■■■■■■■■■■■■■■■■■■■■■■■■■■■■■■■■■■■■■■■■■■■■■■■■■■■■■■■■■■■■■■■■■■■■■■■■■■■■■■■■■■■■■■■■■■■■■■■■■■■■■■
[16:55:22.0845-07:00] [OPEN] 
[16:55:26.3610-07:00] [DOCUMENT-ACCEPTED] Value : [100] - Type : [Bill] - Count : [1].
■■■■■■■■■■■■■■■■■■■■■■■■■■■■■■■■■■■■■■■■■■■■■■■■■■■■■■■■■■■■■■■■■■■■■■■■■■■■■■■■■■■■■■■■■■■■■■■■■■■■■■■■■■■■■■■■■■■■■■■■

http://www.lyfingenieria.com
Diseño e integracion de tecnolgias electronicas y de computo.
e-mail: benny@lopez-fernandez.com
CONTACTO:
Ofc: 6622603825
Cel: 6623000946
■■■■■■■■■■■■■■■■■■■■■■■■■■■■■■■■■■■■■■■■■■■■■■■■■■■■■■■■■■■■■■■■■■■■■■■■■■■■■■■■■■■■■■■■■■■■■■■■■■■■■■■■■■■■■■■■■■■■■■■■
[16:55:46.3949-07:00] [OPEN] 
[16:55:48.4805-07:00] [DOCUMENT-ACCEPTED] Value : [50] - Type : [Bill] - Count : [1].
[16:56:02.4826-07:00] [STATUS-CHANGED] Dispensing
[16:56:04.4901-07:00] [DISPENSE] Dispensed: $26.55, Requested: $26.55, Remaing: $0.00
■■■■■■■■■■■■■■■■■■■■■■■■■■■■■■■■■■■■■■■■■■■■■■■■■■■■■■■■■■■■■■■■■■■■■■■■■■■■■■■■■■■■■■■■■■■■■■■■■■■■■■■■■■■■■■■■■■■■■■■■

http://www.lyfingenieria.com
Diseño e integracion de tecnolgias electronicas y de computo.
e-mail: benny@lopez-fernandez.com
CONTACTO:
Ofc: 6622603825
Cel: 6623000946
■■■■■■■■■■■■■■■■■■■■■■■■■■■■■■■■■■■■■■■■■■■■■■■■■■■■■■■■■■■■■■■■■■■■■■■■■■■■■■■■■■■■■■■■■■■■■■■■■■■■■■■■■■■■■■■■■■■■■■■■
[17:00:43.5539-07:00] [OPEN] 
[17:00:46.7940-07:00] [DOCUMENT-ACCEPTED] Value : [100] - Type : [Bill] - Count : [1].
■■■■■■■■■■■■■■■■■■■■■■■■■■■■■■■■■■■■■■■■■■■■■■■■■■■■■■■■■■■■■■■■■■■■■■■■■■■■■■■■■■■■■■■■■■■■■■■■■■■■■■■■■■■■■■■■■■■■■■■■

http://www.lyfingenieria.com
Diseño e integracion de tecnolgias electronicas y de computo.
e-mail: benny@lopez-fernandez.com
CONTACTO:
Ofc: 6622603825
Cel: 6623000946
■■■■■■■■■■■■■■■■■■■■■■■■■■■■■■■■■■■■■■■■■■■■■■■■■■■■■■■■■■■■■■■■■■■■■■■■■■■■■■■■■■■■■■■■■■■■■■■■■■■■■■■■■■■■■■■■■■■■■■■■
[17:01:31.7979-07:00] [OPEN] 
[17:01:33.7206-07:00] [DOCUMENT-ACCEPTED] Value : [50] - Type : [Bill] - Count : [1].
[17:01:41.3365-07:00] [STATUS-CHANGED] Dispensing
[17:01:43.3481-07:00] [DISPENSE] Dispensed: $26.55, Requested: $26.55, Remaing: $0.00
■■■■■■■■■■■■■■■■■■■■■■■■■■■■■■■■■■■■■■■■■■■■■■■■■■■■■■■■■■■■■■■■■■■■■■■■■■■■■■■■■■■■■■■■■■■■■■■■■■■■■■■■■■■■■■■■■■■■■■■■

http://www.lyfingenieria.com
Diseño e integracion de tecnolgias electronicas y de computo.
e-mail: benny@lopez-fernandez.com
CONTACTO:
Ofc: 6622603825
Cel: 6623000946
■■■■■■■■■■■■■■■■■■■■■■■■■■■■■■■■■■■■■■■■■■■■■■■■■■■■■■■■■■■■■■■■■■■■■■■■■■■■■■■■■■■■■■■■■■■■■■■■■■■■■■■■■■■■■■■■■■■■■■■■
[17:04:43.6869-07:00] [OPEN] 
[17:04:46.5968-07:00] [DOCUMENT-ACCEPTED] Value : [100] - Type : [Bill] - Count : [1].
■■■■■■■■■■■■■■■■■■■■■■■■■■■■■■■■■■■■■■■■■■■■■■■■■■■■■■■■■■■■■■■■■■■■■■■■■■■■■■■■■■■■■■■■■■■■■■■■■■■■■■■■■■■■■■■■■■■■■■■■

http://www.lyfingenieria.com
Diseño e integracion de tecnolgias electronicas y de computo.
e-mail: benny@lopez-fernandez.com
CONTACTO:
Ofc: 6622603825
Cel: 6623000946
■■■■■■■■■■■■■■■■■■■■■■■■■■■■■■■■■■■■■■■■■■■■■■■■■■■■■■■■■■■■■■■■■■■■■■■■■■■■■■■■■■■■■■■■■■■■■■■■■■■■■■■■■■■■■■■■■■■■■■■■
[17:05:06.5990-07:00] [OPEN] 
[17:05:11.8315-07:00] [DOCUMENT-ACCEPTED] Value : [50] - Type : [Bill] - Count : [1].
[17:05:26.1595-07:00] [STATUS-CHANGED] Dispensing
[17:05:28.1629-07:00] [DISPENSE] Dispensed: $26.55, Requested: $26.55, Remaing: $0.00
■■■■■■■■■■■■■■■■■■■■■■■■■■■■■■■■■■■■■■■■■■■■■■■■■■■■■■■■■■■■■■■■■■■■■■■■■■■■■■■■■■■■■■■■■■■■■■■■■■■■■■■■■■■■■■■■■■■■■■■■

http://www.lyfingenieria.com
Diseño e integracion de tecnolgias electronicas y de computo.
e-mail: benny@lopez-fernandez.com
CONTACTO:
Ofc: 6622603825
Cel: 6623000946
■■■■■■■■■■■■■■■■■■■■■■■■■■■■■■■■■■■■■■■■■■■■■■■■■■■■■■■■■■■■■■■■■■■■■■■■■■■■■■■■■■■■■■■■■■■■■■■■■■■■■■■■■■■■■■■■■■■■■■■■
[18:26:01.6454-07:00] [OPEN] 
■■■■■■■■■■■■■■■■■■■■■■■■■■■■■■■■■■■■■■■■■■■■■■■■■■■■■■■■■■■■■■■■■■■■■■■■■■■■■■■■■■■■■■■■■■■■■■■■■■■■■■■■■■■■■■■■■■■■■■■■

http://www.lyfingenieria.com
Diseño e integracion de tecnolgias electronicas y de computo.
e-mail: benny@lopez-fernandez.com
CONTACTO:
Ofc: 6622603825
Cel: 6623000946
■■■■■■■■■■■■■■■■■■■■■■■■■■■■■■■■■■■■■■■■■■■■■■■■■■■■■■■■■■■■■■■■■■■■■■■■■■■■■■■■■■■■■■■■■■■■■■■■■■■■■■■■■■■■■■■■■■■■■■■■
[18:26:25.6681-07:00] [OPEN] 
[18:26:28.4855-07:00] [DOCUMENT-ACCEPTED] Value : [100] - Type : [Bill] - Count : [1].
[18:26:42.0616-07:00] [STATUS-CHANGED] Dispensing
[18:26:44.0646-07:00] [DISPENSE] Dispensed: $126.55, Requested: $126.55, Remaing: $0.00
■■■■■■■■■■■■■■■■■■■■■■■■■■■■■■■■■■■■■■■■■■■■■■■■■■■■■■■■■■■■■■■■■■■■■■■■■■■■■■■■■■■■■■■■■■■■■■■■■■■■■■■■■■■■■■■■■■■■■■■■

http://www.lyfingenieria.com
Diseño e integracion de tecnolgias electronicas y de computo.
e-mail: benny@lopez-fernandez.com
CONTACTO:
Ofc: 6622603825
Cel: 6623000946
■■■■■■■■■■■■■■■■■■■■■■■■■■■■■■■■■■■■■■■■■■■■■■■■■■■■■■■■■■■■■■■■■■■■■■■■■■■■■■■■■■■■■■■■■■■■■■■■■■■■■■■■■■■■■■■■■■■■■■■■
[18:29:09.0094-07:00] [OPEN] 
[18:29:10.8034-07:00] [DOCUMENT-ACCEPTED] Value : [100] - Type : [Bill] - Count : [1].
[18:29:18.5456-07:00] [CLOSE] 
[18:29:18.5476-07:00] [STATUS-CHANGED] Disconnected
■■■■■■■■■■■■■■■■■■■■■■■■■■■■■■■■■■■■■■■■■■■■■■■■■■■■■■■■■■■■■■■■■■■■■■■■■■■■■■■■■■■■■■■■■■■■■■■■■■■■■■■■■■■■■■■■■■■■■■■■

http://www.lyfingenieria.com
Diseño e integracion de tecnolgias electronicas y de computo.
e-mail: benny@lopez-fernandez.com
CONTACTO:
Ofc: 6622603825
Cel: 6623000946
■■■■■■■■■■■■■■■■■■■■■■■■■■■■■■■■■■■■■■■■■■■■■■■■■■■■■■■■■■■■■■■■■■■■■■■■■■■■■■■■■■■■■■■■■■■■■■■■■■■■■■■■■■■■■■■■■■■■■■■■
[18:32:10.0505-07:00] [OPEN] 
[18:32:12.6783-07:00] [DOCUMENT-ACCEPTED] Value : [100] - Type : [Bill] - Count : [1].
■■■■■■■■■■■■■■■■■■■■■■■■■■■■■■■■■■■■■■■■■■■■■■■■■■■■■■■■■■■■■■■■■■■■■■■■■■■■■■■■■■■■■■■■■■■■■■■■■■■■■■■■■■■■■■■■■■■■■■■■

http://www.lyfingenieria.com
Diseño e integracion de tecnolgias electronicas y de computo.
e-mail: benny@lopez-fernandez.com
CONTACTO:
Ofc: 6622603825
Cel: 6623000946
■■■■■■■■■■■■■■■■■■■■■■■■■■■■■■■■■■■■■■■■■■■■■■■■■■■■■■■■■■■■■■■■■■■■■■■■■■■■■■■■■■■■■■■■■■■■■■■■■■■■■■■■■■■■■■■■■■■■■■■■
[18:36:31.3455-07:00] [OPEN] 
[18:36:33.1556-07:00] [DOCUMENT-ACCEPTED] Value : [100] - Type : [Bill] - Count : [1].
■■■■■■■■■■■■■■■■■■■■■■■■■■■■■■■■■■■■■■■■■■■■■■■■■■■■■■■■■■■■■■■■■■■■■■■■■■■■■■■■■■■■■■■■■■■■■■■■■■■■■■■■■■■■■■■■■■■■■■■■

http://www.lyfingenieria.com
Diseño e integracion de tecnolgias electronicas y de computo.
e-mail: benny@lopez-fernandez.com
CONTACTO:
Ofc: 6622603825
Cel: 6623000946
■■■■■■■■■■■■■■■■■■■■■■■■■■■■■■■■■■■■■■■■■■■■■■■■■■■■■■■■■■■■■■■■■■■■■■■■■■■■■■■■■■■■■■■■■■■■■■■■■■■■■■■■■■■■■■■■■■■■■■■■
[18:37:11.1811-07:00] [OPEN] 
[18:37:19.2923-07:00] [DOCUMENT-ACCEPTED] Value : [50] - Type : [Bill] - Count : [1].
[18:37:28.9975-07:00] [STATUS-CHANGED] Dispensing
[18:37:31.0009-07:00] [DISPENSE] Dispensed: $26.55, Requested: $26.55, Remaing: $0.00
[18:37:35.0150-07:00] [CLOSE] 
■■■■■■■■■■■■■■■■■■■■■■■■■■■■■■■■■■■■■■■■■■■■■■■■■■■■■■■■■■■■■■■■■■■■■■■■■■■■■■■■■■■■■■■■■■■■■■■■■■■■■■■■■■■■■■■■■■■■■■■■

http://www.lyfingenieria.com
Diseño e integracion de tecnolgias electronicas y de computo.
e-mail: benny@lopez-fernandez.com
CONTACTO:
Ofc: 6622603825
Cel: 6623000946
■■■■■■■■■■■■■■■■■■■■■■■■■■■■■■■■■■■■■■■■■■■■■■■■■■■■■■■■■■■■■■■■■■■■■■■■■■■■■■■■■■■■■■■■■■■■■■■■■■■■■■■■■■■■■■■■■■■■■■■■
[18:38:20.6519-07:00] [OPEN] 
[18:38:39.3150-07:00] [DOCUMENT-ACCEPTED] Value : [500] - Type : [Bill] - Count : [1].
[18:39:02.3918-07:00] [STATUS-CHANGED] Dispensing
[18:39:04.4060-07:00] [DISPENSE] Dispensed: $376.55, Requested: $376.55, Remaing: $0.00
[18:39:07.2512-07:00] [CLOSE] 
■■■■■■■■■■■■■■■■■■■■■■■■■■■■■■■■■■■■■■■■■■■■■■■■■■■■■■■■■■■■■■■■■■■■■■■■■■■■■■■■■■■■■■■■■■■■■■■■■■■■■■■■■■■■■■■■■■■■■■■■

http://www.lyfingenieria.com
Diseño e integracion de tecnolgias electronicas y de computo.
e-mail: benny@lopez-fernandez.com
CONTACTO:
Ofc: 6622603825
Cel: 6623000946
■■■■■■■■■■■■■■■■■■■■■■■■■■■■■■■■■■■■■■■■■■■■■■■■■■■■■■■■■■■■■■■■■■■■■■■■■■■■■■■■■■■■■■■■■■■■■■■■■■■■■■■■■■■■■■■■■■■■■■■■
[18:49:32.1074-07:00] [OPEN] 
[18:49:33.9524-07:00] [DOCUMENT-ACCEPTED] Value : [100] - Type : [Bill] - Count : [1].
■■■■■■■■■■■■■■■■■■■■■■■■■■■■■■■■■■■■■■■■■■■■■■■■■■■■■■■■■■■■■■■■■■■■■■■■■■■■■■■■■■■■■■■■■■■■■■■■■■■■■■■■■■■■■■■■■■■■■■■■

http://www.lyfingenieria.com
Diseño e integracion de tecnolgias electronicas y de computo.
e-mail: benny@lopez-fernandez.com
CONTACTO:
Ofc: 6622603825
Cel: 6623000946
■■■■■■■■■■■■■■■■■■■■■■■■■■■■■■■■■■■■■■■■■■■■■■■■■■■■■■■■■■■■■■■■■■■■■■■■■■■■■■■■■■■■■■■■■■■■■■■■■■■■■■■■■■■■■■■■■■■■■■■■
[18:50:04.3815-07:00] [OPEN] 
[18:50:07.1914-07:00] [DOCUMENT-ACCEPTED] Value : [50] - Type : [Bill] - Count : [1].
[18:50:13.1502-07:00] [STATUS-CHANGED] Dispensing
[18:50:15.1574-07:00] [DISPENSE] Dispensed: $26.55, Requested: $26.55, Remaing: $0.00
[18:50:18.0759-07:00] [CLOSE] 
■■■■■■■■■■■■■■■■■■■■■■■■■■■■■■■■■■■■■■■■■■■■■■■■■■■■■■■■■■■■■■■■■■■■■■■■■■■■■■■■■■■■■■■■■■■■■■■■■■■■■■■■■■■■■■■■■■■■■■■■

http://www.lyfingenieria.com
Diseño e integracion de tecnolgias electronicas y de computo.
e-mail: benny@lopez-fernandez.com
CONTACTO:
Ofc: 6622603825
Cel: 6623000946
■■■■■■■■■■■■■■■■■■■■■■■■■■■■■■■■■■■■■■■■■■■■■■■■■■■■■■■■■■■■■■■■■■■■■■■■■■■■■■■■■■■■■■■■■■■■■■■■■■■■■■■■■■■■■■■■■■■■■■■■
[20:40:30.9242-07:00] [OPEN] 
■■■■■■■■■■■■■■■■■■■■■■■■■■■■■■■■■■■■■■■■■■■■■■■■■■■■■■■■■■■■■■■■■■■■■■■■■■■■■■■■■■■■■■■■■■■■■■■■■■■■■■■■■■■■■■■■■■■■■■■■

http://www.lyfingenieria.com
Diseño e integracion de tecnolgias electronicas y de computo.
e-mail: benny@lopez-fernandez.com
CONTACTO:
Ofc: 6622603825
Cel: 6623000946
■■■■■■■■■■■■■■■■■■■■■■■■■■■■■■■■■■■■■■■■■■■■■■■■■■■■■■■■■■■■■■■■■■■■■■■■■■■■■■■■■■■■■■■■■■■■■■■■■■■■■■■■■■■■■■■■■■■■■■■■
[20:42:01.1743-07:00] [OPEN] 
■■■■■■■■■■■■■■■■■■■■■■■■■■■■■■■■■■■■■■■■■■■■■■■■■■■■■■■■■■■■■■■■■■■■■■■■■■■■■■■■■■■■■■■■■■■■■■■■■■■■■■■■■■■■■■■■■■■■■■■■

http://www.lyfingenieria.com
Diseño e integracion de tecnolgias electronicas y de computo.
e-mail: benny@lopez-fernandez.com
CONTACTO:
Ofc: 6622603825
Cel: 6623000946
■■■■■■■■■■■■■■■■■■■■■■■■■■■■■■■■■■■■■■■■■■■■■■■■■■■■■■■■■■■■■■■■■■■■■■■■■■■■■■■■■■■■■■■■■■■■■■■■■■■■■■■■■■■■■■■■■■■■■■■■
[20:42:19.8466-07:00] [OPEN] 
[20:42:21.9593-07:00] [DOCUMENT-ACCEPTED] Value : [100] - Type : [Bill] - Count : [1].
[20:42:24.8046-07:00] [DOCUMENT-ACCEPTED] Value : [100] - Type : [Bill] - Count : [1].
■■■■■■■■■■■■■■■■■■■■■■■■■■■■■■■■■■■■■■■■■■■■■■■■■■■■■■■■■■■■■■■■■■■■■■■■■■■■■■■■■■■■■■■■■■■■■■■■■■■■■■■■■■■■■■■■■■■■■■■■

http://www.lyfingenieria.com
Diseño e integracion de tecnolgias electronicas y de computo.
e-mail: benny@lopez-fernandez.com
CONTACTO:
Ofc: 6622603825
Cel: 6623000946
■■■■■■■■■■■■■■■■■■■■■■■■■■■■■■■■■■■■■■■■■■■■■■■■■■■■■■■■■■■■■■■■■■■■■■■■■■■■■■■■■■■■■■■■■■■■■■■■■■■■■■■■■■■■■■■■■■■■■■■■
[20:42:52.1043-07:00] [OPEN] 
[20:42:56.6529-07:00] [DOCUMENT-ACCEPTED] Value : [20] - Type : [Bill] - Count : [1].
[20:43:00.9340-07:00] [DOCUMENT-ACCEPTED] Value : [5] - Type : [Coin] - Count : [1].
[20:43:16.2742-07:00] [STATUS-CHANGED] Dispensing
[20:43:18.2829-07:00] [DISPENSE] Dispensed: $1.55, Requested: $1.55, Remaing: $0.00
[20:43:20.7596-07:00] [CLOSE] 
■■■■■■■■■■■■■■■■■■■■■■■■■■■■■■■■■■■■■■■■■■■■■■■■■■■■■■■■■■■■■■■■■■■■■■■■■■■■■■■■■■■■■■■■■■■■■■■■■■■■■■■■■■■■■■■■■■■■■■■■

http://www.lyfingenieria.com
Diseño e integracion de tecnolgias electronicas y de computo.
e-mail: benny@lopez-fernandez.com
CONTACTO:
Ofc: 6622603825
Cel: 6623000946
■■■■■■■■■■■■■■■■■■■■■■■■■■■■■■■■■■■■■■■■■■■■■■■■■■■■■■■■■■■■■■■■■■■■■■■■■■■■■■■■■■■■■■■■■■■■■■■■■■■■■■■■■■■■■■■■■■■■■■■■
[20:48:29.8035-07:00] [OPEN] 
■■■■■■■■■■■■■■■■■■■■■■■■■■■■■■■■■■■■■■■■■■■■■■■■■■■■■■■■■■■■■■■■■■■■■■■■■■■■■■■■■■■■■■■■■■■■■■■■■■■■■■■■■■■■■■■■■■■■■■■■

http://www.lyfingenieria.com
Diseño e integracion de tecnolgias electronicas y de computo.
e-mail: benny@lopez-fernandez.com
CONTACTO:
Ofc: 6622603825
Cel: 6623000946
■■■■■■■■■■■■■■■■■■■■■■■■■■■■■■■■■■■■■■■■■■■■■■■■■■■■■■■■■■■■■■■■■■■■■■■■■■■■■■■■■■■■■■■■■■■■■■■■■■■■■■■■■■■■■■■■■■■■■■■■
[20:50:08.4214-07:00] [OPEN] 
■■■■■■■■■■■■■■■■■■■■■■■■■■■■■■■■■■■■■■■■■■■■■■■■■■■■■■■■■■■■■■■■■■■■■■■■■■■■■■■■■■■■■■■■■■■■■■■■■■■■■■■■■■■■■■■■■■■■■■■■

http://www.lyfingenieria.com
Diseño e integracion de tecnolgias electronicas y de computo.
e-mail: benny@lopez-fernandez.com
CONTACTO:
Ofc: 6622603825
Cel: 6623000946
■■■■■■■■■■■■■■■■■■■■■■■■■■■■■■■■■■■■■■■■■■■■■■■■■■■■■■■■■■■■■■■■■■■■■■■■■■■■■■■■■■■■■■■■■■■■■■■■■■■■■■■■■■■■■■■■■■■■■■■■
[20:50:59.9013-07:00] [OPEN] 
[20:51:09.1197-07:00] [DOCUMENT-ACCEPTED] Value : [500] - Type : [Bill] - Count : [1].
[20:51:10.8022-07:00] [DOCUMENT-ACCEPTED] Value : [500] - Type : [Bill] - Count : [1].
[20:51:23.5367-07:00] [STATUS-CHANGED] Dispensing
[20:51:25.5413-07:00] [DISPENSE] Dispensed: $82.31, Requested: $82.31, Remaing: $0.00
[20:51:28.5918-07:00] [CLOSE] 
