■■■■■■■■■■■■■■■■■■■■■■■■■■■■■■■■■■■■■■■■■■■■■■■■■■■■■■■■■■■■■■■■■■■■■■■■■■■■■■■■■■■■■■■■■■■■■■■■■■■■■■■■■■■■■■■■■■■■■■■■

http://www.lyfingenieria.com
Diseño e integracion de tecnolgias electronicas y de computo.
e-mail: benny@lopez-fernandez.com
CONTACTO:
Ofc: 6622603825
Cel: 6623000946
■■■■■■■■■■■■■■■■■■■■■■■■■■■■■■■■■■■■■■■■■■■■■■■■■■■■■■■■■■■■■■■■■■■■■■■■■■■■■■■■■■■■■■■■■■■■■■■■■■■■■■■■■■■■■■■■■■■■■■■■
[17:18:54.8389-07:00] [OPEN] 
■■■■■■■■■■■■■■■■■■■■■■■■■■■■■■■■■■■■■■■■■■■■■■■■■■■■■■■■■■■■■■■■■■■■■■■■■■■■■■■■■■■■■■■■■■■■■■■■■■■■■■■■■■■■■■■■■■■■■■■■

http://www.lyfingenieria.com
Diseño e integracion de tecnolgias electronicas y de computo.
e-mail: benny@lopez-fernandez.com
CONTACTO:
Ofc: 6622603825
Cel: 6623000946
■■■■■■■■■■■■■■■■■■■■■■■■■■■■■■■■■■■■■■■■■■■■■■■■■■■■■■■■■■■■■■■■■■■■■■■■■■■■■■■■■■■■■■■■■■■■■■■■■■■■■■■■■■■■■■■■■■■■■■■■
[17:20:11.4485-07:00] [OPEN] 
[17:20:14.5962-07:00] [ENABLE] 
[17:20:14.5994-07:00] [STATUS-CHANGED] Enabled
[17:20:14.6024-07:00] [DOCUMENT-ACCEPTED] Value : [100] - Type : [Bill] - Count : [1].
[17:20:14.6046-07:00] [DISABLE] 
[17:20:14.6061-07:00] [STATUS-CHANGED] Disabled
[17:20:17.7278-07:00] [ENABLE] 
[17:20:17.7300-07:00] [STATUS-CHANGED] Enabled
[17:20:17.7313-07:00] [DOCUMENT-ACCEPTED] Value : [100] - Type : [Bill] - Count : [1].
[17:20:17.7326-07:00] [DISABLE] 
[17:20:17.7338-07:00] [STATUS-CHANGED] Disabled
■■■■■■■■■■■■■■■■■■■■■■■■■■■■■■■■■■■■■■■■■■■■■■■■■■■■■■■■■■■■■■■■■■■■■■■■■■■■■■■■■■■■■■■■■■■■■■■■■■■■■■■■■■■■■■■■■■■■■■■■

http://www.lyfingenieria.com
Diseño e integracion de tecnolgias electronicas y de computo.
e-mail: benny@lopez-fernandez.com
CONTACTO:
Ofc: 6622603825
Cel: 6623000946
■■■■■■■■■■■■■■■■■■■■■■■■■■■■■■■■■■■■■■■■■■■■■■■■■■■■■■■■■■■■■■■■■■■■■■■■■■■■■■■■■■■■■■■■■■■■■■■■■■■■■■■■■■■■■■■■■■■■■■■■
[17:20:34.0768-07:00] [OPEN] 
[17:20:35.7343-07:00] [ENABLE] 
[17:20:35.7374-07:00] [STATUS-CHANGED] Enabled
[17:20:35.7392-07:00] [DOCUMENT-ACCEPTED] Value : [50] - Type : [Bill] - Count : [1].
[17:20:35.7402-07:00] [DISABLE] 
[17:20:35.7410-07:00] [STATUS-CHANGED] Disabled
[17:20:50.5517-07:00] [ENABLE] 
[17:20:50.5539-07:00] [STATUS-CHANGED] Enabled
[17:20:50.5575-07:00] [DISPENSE] Dispensed: $0.00, Requested: $26.55, Remaing: $26.55
[17:20:50.5597-07:00] [DISABLE] 
[17:20:50.5611-07:00] [STATUS-CHANGED] Disabled
[17:20:53.0492-07:00] [CLOSE] 
