■■■■■■■■■■■■■■■■■■■■■■■■■■■■■■■■■■■■■■■■■■■■■■■■■■■■■■■■■■■■■■■■■■■■■■■■■■■■■■■■■■■■■■■■■■■■■■■■■■■■■■■■■■■■■■■■■■■■■■■■

http://www.lyfingenieria.com
Diseño e integracion de tecnolgias electronicas y de computo.
e-mail: benny@lopez-fernandez.com
CONTACTO:
Ofc: 6622603825
Cel: 6623000946
■■■■■■■■■■■■■■■■■■■■■■■■■■■■■■■■■■■■■■■■■■■■■■■■■■■■■■■■■■■■■■■■■■■■■■■■■■■■■■■■■■■■■■■■■■■■■■■■■■■■■■■■■■■■■■■■■■■■■■■■
[08:38:55.8771-07:00] [ACCEPTED-EVENT-ADD] 
[08:38:55.8839-07:00] [OPEN] 
■■■■■■■■■■■■■■■■■■■■■■■■■■■■■■■■■■■■■■■■■■■■■■■■■■■■■■■■■■■■■■■■■■■■■■■■■■■■■■■■■■■■■■■■■■■■■■■■■■■■■■■■■■■■■■■■■■■■■■■■

http://www.lyfingenieria.com
Diseño e integracion de tecnolgias electronicas y de computo.
e-mail: benny@lopez-fernandez.com
CONTACTO:
Ofc: 6622603825
Cel: 6623000946
■■■■■■■■■■■■■■■■■■■■■■■■■■■■■■■■■■■■■■■■■■■■■■■■■■■■■■■■■■■■■■■■■■■■■■■■■■■■■■■■■■■■■■■■■■■■■■■■■■■■■■■■■■■■■■■■■■■■■■■■
[08:39:10.7355-07:00] [OPEN] 
[08:39:13.1007-07:00] [ENABLE] 
[08:39:13.1037-07:00] [STATUS-CHANGED] Enabled
[08:39:13.1063-07:00] [DOCUMENT-ACCEPTED] Value : [100] - Type : [Bill] - Count : [1].
[08:39:13.1081-07:00] [DISABLE] 
[08:39:13.1094-07:00] [STATUS-CHANGED] Disabled
[08:39:14.5842-07:00] [ENABLE] 
[08:39:14.5860-07:00] [STATUS-CHANGED] Enabled
[08:39:14.5874-07:00] [DOCUMENT-ACCEPTED] Value : [100] - Type : [Bill] - Count : [1].
[08:39:19.0721-07:00] [DISABLE] 
[08:39:19.0743-07:00] [STATUS-CHANGED] Disabled
■■■■■■■■■■■■■■■■■■■■■■■■■■■■■■■■■■■■■■■■■■■■■■■■■■■■■■■■■■■■■■■■■■■■■■■■■■■■■■■■■■■■■■■■■■■■■■■■■■■■■■■■■■■■■■■■■■■■■■■■

http://www.lyfingenieria.com
Diseño e integracion de tecnolgias electronicas y de computo.
e-mail: benny@lopez-fernandez.com
CONTACTO:
Ofc: 6622603825
Cel: 6623000946
■■■■■■■■■■■■■■■■■■■■■■■■■■■■■■■■■■■■■■■■■■■■■■■■■■■■■■■■■■■■■■■■■■■■■■■■■■■■■■■■■■■■■■■■■■■■■■■■■■■■■■■■■■■■■■■■■■■■■■■■
[08:40:15.9256-07:00] [ACCEPTED-EVENT-ADD] 
[08:40:15.9307-07:00] [OPEN] 
■■■■■■■■■■■■■■■■■■■■■■■■■■■■■■■■■■■■■■■■■■■■■■■■■■■■■■■■■■■■■■■■■■■■■■■■■■■■■■■■■■■■■■■■■■■■■■■■■■■■■■■■■■■■■■■■■■■■■■■■

http://www.lyfingenieria.com
Diseño e integracion de tecnolgias electronicas y de computo.
e-mail: benny@lopez-fernandez.com
CONTACTO:
Ofc: 6622603825
Cel: 6623000946
■■■■■■■■■■■■■■■■■■■■■■■■■■■■■■■■■■■■■■■■■■■■■■■■■■■■■■■■■■■■■■■■■■■■■■■■■■■■■■■■■■■■■■■■■■■■■■■■■■■■■■■■■■■■■■■■■■■■■■■■
[08:40:37.0671-07:00] [ACCEPTED-EVENT-ADD] 
[08:40:37.0680-07:00] [OPEN] 
[08:40:40.3675-07:00] [ENABLE] 
[08:40:40.3696-07:00] [STATUS-CHANGED] Enabled
[08:40:40.3719-07:00] [DOCUMENT-ACCEPTED] Value : [50] - Type : [Bill] - Count : [1].
[08:40:44.5003-07:00] [DISABLE] 
[08:40:44.5022-07:00] [STATUS-CHANGED] Disabled
[08:40:51.1573-07:00] [ENABLE] 
[08:40:51.1605-07:00] [STATUS-CHANGED] Enabled
[08:40:51.1644-07:00] [DISPENSE] Dispensed: $0.00, Requested: $26.55, Remaing: $26.55
[08:40:51.1666-07:00] [DISABLE] 
[08:40:51.1679-07:00] [STATUS-CHANGED] Disabled
[08:40:54.7669-07:00] [CLOSE] 
■■■■■■■■■■■■■■■■■■■■■■■■■■■■■■■■■■■■■■■■■■■■■■■■■■■■■■■■■■■■■■■■■■■■■■■■■■■■■■■■■■■■■■■■■■■■■■■■■■■■■■■■■■■■■■■■■■■■■■■■

http://www.lyfingenieria.com
Diseño e integracion de tecnolgias electronicas y de computo.
e-mail: benny@lopez-fernandez.com
CONTACTO:
Ofc: 6622603825
Cel: 6623000946
■■■■■■■■■■■■■■■■■■■■■■■■■■■■■■■■■■■■■■■■■■■■■■■■■■■■■■■■■■■■■■■■■■■■■■■■■■■■■■■■■■■■■■■■■■■■■■■■■■■■■■■■■■■■■■■■■■■■■■■■
[08:42:06.3395-07:00] [ACCEPTED-EVENT-ADD] 
[08:42:06.3446-07:00] [OPEN] 
■■■■■■■■■■■■■■■■■■■■■■■■■■■■■■■■■■■■■■■■■■■■■■■■■■■■■■■■■■■■■■■■■■■■■■■■■■■■■■■■■■■■■■■■■■■■■■■■■■■■■■■■■■■■■■■■■■■■■■■■

http://www.lyfingenieria.com
Diseño e integracion de tecnolgias electronicas y de computo.
e-mail: benny@lopez-fernandez.com
CONTACTO:
Ofc: 6622603825
Cel: 6623000946
■■■■■■■■■■■■■■■■■■■■■■■■■■■■■■■■■■■■■■■■■■■■■■■■■■■■■■■■■■■■■■■■■■■■■■■■■■■■■■■■■■■■■■■■■■■■■■■■■■■■■■■■■■■■■■■■■■■■■■■■
[08:42:21.1104-07:00] [ACCEPTED-EVENT-ADD] 
[08:42:21.1116-07:00] [OPEN] 
[08:42:28.4402-07:00] [ENABLE] 
[08:42:28.4425-07:00] [STATUS-CHANGED] Enabled
[08:42:28.4449-07:00] [DOCUMENT-ACCEPTED] Value : [100] - Type : [Bill] - Count : [1].
[08:42:29.9979-07:00] [DISABLE] 
[08:42:29.9996-07:00] [STATUS-CHANGED] Disabled
[08:42:34.6322-07:00] [ENABLE] 
[08:42:34.6346-07:00] [STATUS-CHANGED] Enabled
[08:42:34.6368-07:00] [DOCUMENT-ACCEPTED] Value : [10] - Type : [Bill] - Count : [1].
[08:42:39.2993-07:00] [DISABLE] 
[08:42:39.3011-07:00] [STATUS-CHANGED] Disabled
[08:42:42.0317-07:00] [ENABLE] 
[08:42:42.0335-07:00] [STATUS-CHANGED] Enabled
[08:42:42.0353-07:00] [DOCUMENT-ACCEPTED] Value : [5] - Type : [Bill] - Count : [1].
[08:42:49.3769-07:00] [DISABLE] 
[08:42:49.3789-07:00] [STATUS-CHANGED] Disabled
[08:42:54.3134-07:00] [ENABLE] 
[08:42:54.3150-07:00] [STATUS-CHANGED] Enabled
[08:42:54.3160-07:00] [DOCUMENT-ACCEPTED] Value : [115] - Type : [Bill] - Count : [1].
[08:42:58.3081-07:00] [DISABLE] 
[08:42:58.3101-07:00] [STATUS-CHANGED] Disabled
■■■■■■■■■■■■■■■■■■■■■■■■■■■■■■■■■■■■■■■■■■■■■■■■■■■■■■■■■■■■■■■■■■■■■■■■■■■■■■■■■■■■■■■■■■■■■■■■■■■■■■■■■■■■■■■■■■■■■■■■

http://www.lyfingenieria.com
Diseño e integracion de tecnolgias electronicas y de computo.
e-mail: benny@lopez-fernandez.com
CONTACTO:
Ofc: 6622603825
Cel: 6623000946
■■■■■■■■■■■■■■■■■■■■■■■■■■■■■■■■■■■■■■■■■■■■■■■■■■■■■■■■■■■■■■■■■■■■■■■■■■■■■■■■■■■■■■■■■■■■■■■■■■■■■■■■■■■■■■■■■■■■■■■■
[08:51:04.2403-07:00] [ACCEPTED-EVENT-ADD] 
[08:51:04.2428-07:00] [OPEN] 
[08:51:10.7172-07:00] [ENABLE] 
[08:51:10.7203-07:00] [STATUS-CHANGED] Enabled
[08:51:10.7228-07:00] [DOCUMENT-ACCEPTED] Value : [5] - Type : [Coin] - Count : [1].
[08:51:15.3985-07:00] [DISABLE] 
[08:51:15.4002-07:00] [STATUS-CHANGED] Disabled
[08:51:17.8795-07:00] [ENABLE] 
[08:51:17.8819-07:00] [STATUS-CHANGED] Enabled
[08:51:17.8843-07:00] [DOCUMENT-ACCEPTED] Value : [2] - Type : [Coin] - Count : [1].
[08:51:20.8120-07:00] [DISABLE] 
[08:51:20.8144-07:00] [STATUS-CHANGED] Disabled
[08:51:22.2629-07:00] [ENABLE] 
[08:51:22.2646-07:00] [STATUS-CHANGED] Enabled
[08:51:22.2654-07:00] [DOCUMENT-ACCEPTED] Value : [1] - Type : [Coin] - Count : [1].
[08:51:24.5657-07:00] [DISABLE] 
[08:51:24.5679-07:00] [STATUS-CHANGED] Disabled
[08:51:26.8684-07:00] [ENABLE] 
[08:51:26.8704-07:00] [STATUS-CHANGED] Enabled
[08:51:26.8716-07:00] [DOCUMENT-ACCEPTED] Value : [0.50] - Type : [Coin] - Count : [1].
[08:51:29.3118-07:00] [DISABLE] 
[08:51:29.3135-07:00] [STATUS-CHANGED] Disabled
[08:51:34.4642-07:00] [CLOSE] 
■■■■■■■■■■■■■■■■■■■■■■■■■■■■■■■■■■■■■■■■■■■■■■■■■■■■■■■■■■■■■■■■■■■■■■■■■■■■■■■■■■■■■■■■■■■■■■■■■■■■■■■■■■■■■■■■■■■■■■■■

http://www.lyfingenieria.com
Diseño e integracion de tecnolgias electronicas y de computo.
e-mail: benny@lopez-fernandez.com
CONTACTO:
Ofc: 6622603825
Cel: 6623000946
■■■■■■■■■■■■■■■■■■■■■■■■■■■■■■■■■■■■■■■■■■■■■■■■■■■■■■■■■■■■■■■■■■■■■■■■■■■■■■■■■■■■■■■■■■■■■■■■■■■■■■■■■■■■■■■■■■■■■■■■
[08:52:17.7612-07:00] [ACCEPTED-EVENT-ADD] 
[08:52:17.7624-07:00] [OPEN] 
[08:52:20.8927-07:00] [ENABLE] 
[08:52:20.8940-07:00] [STATUS-CHANGED] Enabled
[08:52:20.8952-07:00] [DOCUMENT-ACCEPTED] Value : [100] - Type : [Bill] - Count : [1].
[08:52:22.7510-07:00] [DISABLE] 
[08:52:22.7531-07:00] [STATUS-CHANGED] Disabled
■■■■■■■■■■■■■■■■■■■■■■■■■■■■■■■■■■■■■■■■■■■■■■■■■■■■■■■■■■■■■■■■■■■■■■■■■■■■■■■■■■■■■■■■■■■■■■■■■■■■■■■■■■■■■■■■■■■■■■■■

http://www.lyfingenieria.com
Diseño e integracion de tecnolgias electronicas y de computo.
e-mail: benny@lopez-fernandez.com
CONTACTO:
Ofc: 6622603825
Cel: 6623000946
■■■■■■■■■■■■■■■■■■■■■■■■■■■■■■■■■■■■■■■■■■■■■■■■■■■■■■■■■■■■■■■■■■■■■■■■■■■■■■■■■■■■■■■■■■■■■■■■■■■■■■■■■■■■■■■■■■■■■■■■
[08:53:02.4514-07:00] [ACCEPTED-EVENT-ADD] 
[08:53:02.4520-07:00] [OPEN] 
[08:53:05.8081-07:00] [ENABLE] 
[08:53:05.8100-07:00] [STATUS-CHANGED] Enabled
[08:53:05.8115-07:00] [DOCUMENT-ACCEPTED] Value : [50] - Type : [Bill] - Count : [1].
[08:53:08.2929-07:00] [DISABLE] 
[08:53:08.2941-07:00] [STATUS-CHANGED] Disabled
[08:53:15.5438-07:00] [CLOSE] 
